[debug] [2019-06-02T12:21:09.028Z] ----------------------------------------------------------------------
[debug] [2019-06-02T12:21:09.031Z] Command:       /Users/juliocesar/.nvm/versions/node/v10.15.0/bin/node /Users/juliocesar/.nvm/versions/node/v10.15.0/bin/firebase serve
[debug] [2019-06-02T12:21:09.032Z] CLI Version:   6.10.0
[debug] [2019-06-02T12:21:09.032Z] Platform:      darwin
[debug] [2019-06-02T12:21:09.032Z] Node Version:  v10.15.0
[debug] [2019-06-02T12:21:09.033Z] Time:          Sun Jun 02 2019 09:21:09 GMT-0300 (Brasilia Standard Time)
[debug] [2019-06-02T12:21:09.033Z] ----------------------------------------------------------------------
[debug] 
[debug] [2019-06-02T12:21:09.047Z] > command requires scopes: ["email","openid","https://www.googleapis.com/auth/cloudplatformprojects.readonly","https://www.googleapis.com/auth/firebase","https://www.googleapis.com/auth/cloud-platform"]
[debug] [2019-06-02T12:21:09.047Z] > authorizing via signed-in user
[debug] [2019-06-02T12:21:09.048Z] [iam] checking project tiophill-uber for permissions ["firebase.projects.get"]
[debug] [2019-06-02T12:21:09.050Z] > refreshing access token with scopes: ["email","https://www.googleapis.com/auth/cloud-platform","https://www.googleapis.com/auth/cloudplatformprojects.readonly","https://www.googleapis.com/auth/firebase","openid"]
[debug] [2019-06-02T12:21:09.051Z] >>> HTTP REQUEST POST https://www.googleapis.com/oauth2/v3/token  
 <request body omitted>
[debug] [2019-06-02T12:21:09.263Z] <<< HTTP RESPONSE 200
[debug] [2019-06-02T12:21:09.290Z] >>> HTTP REQUEST POST https://cloudresourcemanager.googleapis.com/v1/projects/tiophill-uber:testIamPermissions  

[debug] [2019-06-02T12:21:10.260Z] <<< HTTP RESPONSE 200
[debug] [2019-06-02T12:21:10.262Z] >>> HTTP REQUEST GET https://cloudresourcemanager.googleapis.com/v1/projects/tiophill-uber  
 
[debug] [2019-06-02T12:21:11.222Z] <<< HTTP RESPONSE 200
[info] 
[info] === Serving from '/Users/juliocesar/go/src/github.com/julioc98/firestore'...
[info] 
[debug] [2019-06-02T12:21:11.225Z] >>> HTTP REQUEST GET https://mobilesdk-pa.googleapis.com/v1/projects/213007134040/clients/_:getWebAppConfig  
 
[debug] [2019-06-02T12:21:11.728Z] <<< HTTP RESPONSE 200
[info] i  hosting: Serving hosting files from: ./
[info] ✔  hosting: Local server: http://localhost:5000
